PagerSlidingTabStriplibrary/build/outputs/logs/manifest-merger-debug-report.txt
-- Merging decision tree log ---
manifest
ADDED from PagerSlidingTabStriplibrary\AndroidManifest.xml:1:1-5:12
INJECTED from PagerSlidingTabStriplibrary\AndroidManifest.xml:1:1-5:12
INJECTED from PagerSlidingTabStriplibrary\AndroidManifest.xml:1:1-5:12
	package
		ADDED from PagerSlidingTabStriplibrary\AndroidManifest.xml:2:5-47
		INJECTED from PagerSlidingTabStriplibrary\AndroidManifest.xml
		INJECTED from PagerSlidingTabStriplibrary\AndroidManifest.xml
	xmlns:android
		ADDED from PagerSlidingTabStriplibrary\AndroidManifest.xml:1:11-69
application
ADDED from PagerSlidingTabStriplibrary\AndroidManifest.xml:4:5-20
uses-sdk
INJECTED from PagerSlidingTabStriplibrary\AndroidManifest.xml reason: use-sdk injection requested
INJECTED from PagerSlidingTabStriplibrary\AndroidManifest.xml
INJECTED from PagerSlidingTabStriplibrary\AndroidManifest.xml
INJECTED from PagerSlidingTabStriplibrary\AndroidManifest.xml
INJECTED from PagerSlidingTabStriplibrary\AndroidManifest.xml
	android:targetSdkVersion
		INJECTED from PagerSlidingTabStriplibrary\AndroidManifest.xml
		ADDED from PagerSlidingTabStriplibrary\AndroidManifest.xml
		INJECTED from PagerSlidingTabStriplibrary\AndroidManifest.xml
	android:minSdkVersion
		INJECTED from PagerSlidingTabStriplibrary\AndroidManifest.xml
		ADDED from PagerSlidingTabStriplibrary\AndroidManifest.xml
		INJECTED from PagerSlidingTabStriplibrary\AndroidManifest.xml